{"ts": "2025-10-18 22:06:51", "event_id": 4672, "category": "Privilege Escalation", "description": "Special privileges assigned to: S-1-5-18", "extras": {"subject": "S-1-5-18"}}
{"ts": "2025-10-18 22:08:03", "event_id": 4672, "category": "Privilege Escalation", "description": "Special privileges assigned to: S-1-5-18", "extras": {"subject": "S-1-5-18"}}
{"ts": "2025-10-18 22:12:14", "event_id": 4625, "category": "Failed Logins", "description": ">5 failures in 5 minutes (count=8)", "extras": {"window_minutes": 5, "count": 8}}
{"ts": "2025-10-18 22:12:19", "event_id": 4672, "category": "Privilege Escalation", "description": "Special privileges assigned to: S-1-5-18", "extras": {"subject": "S-1-5-18"}}
{"ts": "2025-10-18 22:12:19", "event_id": 4672, "category": "Privilege Escalation", "description": "Special privileges assigned to: S-1-5-21-2401135814-473904507-350754394-1001", "extras": {"subject": "S-1-5-21-2401135814-473904507-350754394-1001"}}
{"ts": "2025-10-18 22:12:19", "event_id": 4672, "category": "Privilege Escalation", "description": "Special privileges assigned to: S-1-5-90-0-3", "extras": {"subject": "S-1-5-90-0-3"}}
{"ts": "2025-10-18 22:12:19", "event_id": 4672, "category": "Privilege Escalation", "description": "Special privileges assigned to: S-1-5-90-0-2", "extras": {"subject": "S-1-5-90-0-2"}}
{"ts": "2025-10-18 22:13:26", "event_id": 4625, "category": "Failed Logins", "description": ">5 failures in 5 minutes (count=8)", "extras": {"window_minutes": 5, "count": 8}}
{"ts": "2025-10-18 22:13:31", "event_id": 4672, "category": "Privilege Escalation", "description": "Special privileges assigned to: S-1-5-18", "extras": {"subject": "S-1-5-18"}}
{"ts": "2025-10-18 22:13:31", "event_id": 4672, "category": "Privilege Escalation", "description": "Special privileges assigned to: S-1-5-21-2401135814-473904507-350754394-1001", "extras": {"subject": "S-1-5-21-2401135814-473904507-350754394-1001"}}
{"ts": "2025-10-18 22:13:31", "event_id": 4672, "category": "Privilege Escalation", "description": "Special privileges assigned to: S-1-5-90-0-3", "extras": {"subject": "S-1-5-90-0-3"}}
{"ts": "2025-10-18 22:13:31", "event_id": 4672, "category": "Privilege Escalation", "description": "Special privileges assigned to: S-1-5-90-0-2", "extras": {"subject": "S-1-5-90-0-2"}}
{"ts": "2025-10-18 22:14:52", "event_id": 4672, "category": "Privilege Escalation", "description": "Special privileges assigned to: S-1-5-18", "extras": {"subject": "S-1-5-18"}}
{"ts": "2025-10-18 22:14:52", "event_id": 4672, "category": "Privilege Escalation", "description": "Special privileges assigned to: S-1-5-21-2401135814-473904507-350754394-1001", "extras": {"subject": "S-1-5-21-2401135814-473904507-350754394-1001"}}
{"ts": "2025-10-18 22:14:52", "event_id": 4672, "category": "Privilege Escalation", "description": "Special privileges assigned to: S-1-5-90-0-3", "extras": {"subject": "S-1-5-90-0-3"}}
{"ts": "2025-10-18 22:14:52", "event_id": 4672, "category": "Privilege Escalation", "description": "Special privileges assigned to: S-1-5-90-0-2", "extras": {"subject": "S-1-5-90-0-2"}}
{"ts": "2025-10-18 22:16:04", "event_id": 4672, "category": "Privilege Escalation", "description": "Special privileges assigned to: S-1-5-18", "extras": {"subject": "S-1-5-18"}}
{"ts": "2025-10-18 22:16:04", "event_id": 4672, "category": "Privilege Escalation", "description": "Special privileges assigned to: S-1-5-21-2401135814-473904507-350754394-1001", "extras": {"subject": "S-1-5-21-2401135814-473904507-350754394-1001"}}
{"ts": "2025-10-18 22:16:04", "event_id": 4672, "category": "Privilege Escalation", "description": "Special privileges assigned to: S-1-5-90-0-3", "extras": {"subject": "S-1-5-90-0-3"}}
{"ts": "2025-10-18 22:16:04", "event_id": 4672, "category": "Privilege Escalation", "description": "Special privileges assigned to: S-1-5-90-0-2", "extras": {"subject": "S-1-5-90-0-2"}}
{"ts": "2025-10-18 22:17:16", "event_id": 4672, "category": "Privilege Escalation", "description": "Special privileges assigned to: S-1-5-18", "extras": {"subject": "S-1-5-18"}}
{"ts": "2025-10-18 22:17:16", "event_id": 4672, "category": "Privilege Escalation", "description": "Special privileges assigned to: S-1-5-21-2401135814-473904507-350754394-1001", "extras": {"subject": "S-1-5-21-2401135814-473904507-350754394-1001"}}
{"ts": "2025-10-18 22:17:16", "event_id": 4672, "category": "Privilege Escalation", "description": "Special privileges assigned to: S-1-5-90-0-3", "extras": {"subject": "S-1-5-90-0-3"}}
{"ts": "2025-10-18 22:17:16", "event_id": 4672, "category": "Privilege Escalation", "description": "Special privileges assigned to: S-1-5-90-0-2", "extras": {"subject": "S-1-5-90-0-2"}}
{"ts": "2025-10-18 22:18:28", "event_id": 4672, "category": "Privilege Escalation", "description": "Special privileges assigned to: S-1-5-18", "extras": {"subject": "S-1-5-18"}}
{"ts": "2025-10-18 22:18:28", "event_id": 4672, "category": "Privilege Escalation", "description": "Special privileges assigned to: S-1-5-21-2401135814-473904507-350754394-1001", "extras": {"subject": "S-1-5-21-2401135814-473904507-350754394-1001"}}
{"ts": "2025-10-18 22:18:28", "event_id": 4672, "category": "Privilege Escalation", "description": "Special privileges assigned to: S-1-5-90-0-3", "extras": {"subject": "S-1-5-90-0-3"}}
{"ts": "2025-10-18 22:18:28", "event_id": 4672, "category": "Privilege Escalation", "description": "Special privileges assigned to: S-1-5-90-0-2", "extras": {"subject": "S-1-5-90-0-2"}}
{"ts": "2025-10-18 22:19:38", "event_id": 4672, "category": "Privilege Escalation", "description": "Special privileges assigned to: S-1-5-18", "extras": {"subject": "S-1-5-18"}}
{"ts": "2025-10-18 22:19:38", "event_id": 4672, "category": "Privilege Escalation", "description": "Special privileges assigned to: S-1-5-21-2401135814-473904507-350754394-1001", "extras": {"subject": "S-1-5-21-2401135814-473904507-350754394-1001"}}
{"ts": "2025-10-18 22:20:48", "event_id": 4672, "category": "Privilege Escalation", "description": "Special privileges assigned to: S-1-5-18", "extras": {"subject": "S-1-5-18"}}
{"ts": "2025-10-18 22:22:00", "event_id": 4672, "category": "Privilege Escalation", "description": "Special privileges assigned to: S-1-5-18", "extras": {"subject": "S-1-5-18"}}
{"ts": "2025-10-18 22:30:53", "event_id": 4672, "category": "Privilege Escalation", "description": "Special privileges assigned to: S-1-5-18", "extras": {"subject": "S-1-5-18"}}
{"ts": "2025-10-18 22:32:16", "event_id": 4672, "category": "Privilege Escalation", "description": "Special privileges assigned to: S-1-5-18", "extras": {"subject": "S-1-5-18"}}
{"ts": "2025-10-18 22:46:30", "event_id": 4672, "category": "Privilege Escalation", "description": "Special privileges assigned to: S-1-5-90-0-4", "extras": {"sid": "S-1-5-90-0-4", "account": "DWM-4", "domain": "Window Manager"}}
{"ts": "2025-10-18 22:47:49", "event_id": 4672, "category": "Privilege Escalation", "description": "Special privileges assigned to: S-1-5-21-2401135814-473904507-350754394-1001", "extras": {"sid": "S-1-5-21-2401135814-473904507-350754394-1001", "account": "Chase McCrary", "domain": "Chase"}}
{"ts": "2025-10-18 22:48:13", "event_id": 4672, "category": "Privilege Escalation", "description": "Special privileges assigned to: S-1-5-90-0-5", "extras": {"sid": "S-1-5-90-0-5", "account": "DWM-5", "domain": "Window Manager"}}
{"ts": "2025-10-18 22:48:20", "event_id": 4625, "category": "Failed Logins", "description": ">5 failures in 5 minutes (count=8)", "extras": {"window_minutes": 5, "count": 8, "stage": 6}}
{"ts": "2025-10-18 22:48:38", "event_id": 4672, "category": "Privilege Escalation", "description": "Special privileges assigned to: S-1-5-90-0-6", "extras": {"sid": "S-1-5-90-0-6", "account": "DWM-6", "domain": "Window Manager"}}
{"ts": "2025-10-18 22:48:45", "event_id": 4625, "category": "Failed Logins", "description": ">=10 failures in 5 minutes (count=12)", "extras": {"window_minutes": 5, "count": 12, "stage": 10}}
{"ts": "2025-10-18 22:49:14", "event_id": 4672, "category": "Privilege Escalation", "description": "Special privileges assigned to: S-1-5-21-2401135814-473904507-350754394-1001", "extras": {"sid": "S-1-5-21-2401135814-473904507-350754394-1001", "account": "Chase McCrary", "domain": "Chase"}}
{"ts": "2025-10-18 22:55:07", "event_id": 4672, "category": "Privilege Escalation", "description": "Special privileges assigned to: S-1-5-21-2401135814-473904507-350754394-1001", "extras": {"sid": "S-1-5-21-2401135814-473904507-350754394-1001", "account": "Chase McCrary", "domain": "Chase", "logon_id": "0x2D92515", "privileges": "SeSecurityPrivilege"}}
{"ts": "2025-10-18 22:58:01", "event_id": 4625, "category": "Failed Logins", "description": ">5 failures in 5 minutes (count=8)", "extras": {"window_minutes": 5, "count": 8, "stage": 6}}
{"ts": "2025-10-18 23:00:21", "event_id": 4672, "category": "Privilege Escalation", "description": "Special privileges assigned to: S-1-5-21-2401135814-473904507-350754394-1001", "extras": {"sid": "S-1-5-21-2401135814-473904507-350754394-1001", "account": "Chase McCrary", "domain": "Chase", "logon_id": "0x303DF11", "privileges": "SeSecurityPrivilege"}}
{"ts": "2025-10-18 23:00:28", "event_id": 4625, "category": "Failed Logins", "description": ">=10 failures in 5 minutes (count=12)", "extras": {"window_minutes": 5, "count": 12, "stage": 10}}
{"ts": "2025-10-18 23:02:19", "event_id": 4672, "category": "Privilege Escalation", "description": "Special privileges assigned to: S-1-5-21-2401135814-473904507-350754394-1001", "extras": {"sid": "S-1-5-21-2401135814-473904507-350754394-1001", "account": "Chase McCrary", "domain": "Chase", "logon_id": "0x31A2EEC", "privileges": "SeSecurityPrivilege"}}
{"ts": "2025-10-18 23:02:50", "event_id": 4625, "category": "Failed Logins", "description": ">=20 failures in 5 minutes (count=20)", "extras": {"window_minutes": 5, "count": 20, "stage": 20}}
{"ts": "2025-10-18 23:07:20", "event_id": 4720, "category": "Account Change", "description": "User account created", "extras": {"raw": "A user account was created.\r\n\r\nSubject:\r\n\tSecurity ID:\t\tS-1-5-21-2401135814-473904507-350754394-1001\r\n\tAccount Name:\t\tChase McCrary\r\n\tAccount Domain:\t\tChase\r\n\tLogon ID:\t\t0x1C27529\r\n\r\nNew Account:\r\n\tSecurity ID:\t\tS-1-5-21-2401135814-473904507-350754394-1010\r\n\tAccount Name:\t\tTestDetect123\r\n\tAccount Domain:\t\tChase\r\n\r\nAttributes:\r\n\tSAM Account Name:\tTestDetect123\r\n\tDisplay Name:\t\t<value not set>\r\n\tUse"}}
{"ts": "2025-10-18 23:07:22", "event_id": 4728, "category": "Account Change", "description": "Group membership modified", "extras": {"raw": "A member was added to a security-enabled global group.\r\n\r\nSubject:\r\n\tSecurity ID:\t\tS-1-5-21-2401135814-473904507-350754394-1001\r\n\tAccount Name:\t\tChase McCrary\r\n\tAccount Domain:\t\tChase\r\n\tLogon ID:\t\t0x1C27529\r\n\r\nMember:\r\n\tSecurity ID:\t\tS-1-5-21-2401135814-473904507-350754394-1010\r\n\tAccount Name:\t\t-\r\n\r\nGroup:\r\n\tSecurity ID:\t\tS-1-5-21-2401135814-473904507-350754394-513\r\n\tGroup Name:\t\tNone\r\n\tGroup Doma"}}
{"ts": "2025-10-18 23:17:12", "event_id": 4720, "category": "Account Change", "description": "User account created", "extras": {"raw": "A user account was created.\r\n\r\nSubject:\r\n\tSecurity ID:\t\tS-1-5-21-2401135814-473904507-350754394-1001\r\n\tAccount Name:\t\tChase McCrary\r\n\tAccount Domain:\t\tChase\r\n\tLogon ID:\t\t0x1C27529\r\n\r\nNew Account:\r\n\tSecurity ID:\t\tS-1-5-21-2401135814-473904507-350754394-1011\r\n\tAccount Name:\t\tTestDetect123\r\n\tAccount Domain:\t\tChase\r\n\r\nAttributes:\r\n\tSAM Account Name:\tTestDetect123\r\n\tDisplay Name:\t\t<value not set>\r\n\tUse"}}
{"ts": "2025-10-18 23:17:14", "event_id": 4728, "category": "Account Change", "description": "Group membership modified", "extras": {"raw": "A member was added to a security-enabled global group.\r\n\r\nSubject:\r\n\tSecurity ID:\t\tS-1-5-21-2401135814-473904507-350754394-1001\r\n\tAccount Name:\t\tChase McCrary\r\n\tAccount Domain:\t\tChase\r\n\tLogon ID:\t\t0x1C27529\r\n\r\nMember:\r\n\tSecurity ID:\t\tS-1-5-21-2401135814-473904507-350754394-1011\r\n\tAccount Name:\t\t-\r\n\r\nGroup:\r\n\tSecurity ID:\t\tS-1-5-21-2401135814-473904507-350754394-513\r\n\tGroup Name:\t\tNone\r\n\tGroup Doma"}}
{"ts": "2025-10-23 09:33:17", "event_id": 4720, "category": "Account Change", "description": "User account created", "extras": {"raw": "A user account was created.\r\n\r\nSubject:\r\n\tSecurity ID:\t\tS-1-5-21-2401135814-473904507-350754394-1001\r\n\tAccount Name:\t\tChase McCrary\r\n\tAccount Domain:\t\tChase\r\n\tLogon ID:\t\t0x41A0A\r\n\r\nNew Account:\r\n\tSecurity ID:\t\tS-1-5-21-2401135814-473904507-350754394-1012\r\n\tAccount Name:\t\tTestDetect123\r\n\tAccount Domain:\t\tChase\r\n\r\nAttributes:\r\n\tSAM Account Name:\tTestDetect123\r\n\tDisplay Name:\t\t<value not set>\r\n\tUser "}}
{"ts": "2025-10-23 09:33:17", "event_id": 4720, "category": "Account Change", "description": "User account created", "extras": {"raw": "A user account was created.\r\n\r\nSubject:\r\n\tSecurity ID:\t\tS-1-5-21-2401135814-473904507-350754394-1001\r\n\tAccount Name:\t\tChase McCrary\r\n\tAccount Domain:\t\tChase\r\n\tLogon ID:\t\t0x41A0A\r\n\r\nNew Account:\r\n\tSecurity ID:\t\tS-1-5-21-2401135814-473904507-350754394-1012\r\n\tAccount Name:\t\tTestDetect123\r\n\tAccount Domain:\t\tChase\r\n\r\nAttributes:\r\n\tSAM Account Name:\tTestDetect123\r\n\tDisplay Name:\t\t<value not set>\r\n\tUser "}}
{"ts": "2025-10-23 09:33:18", "event_id": 4728, "category": "Account Change", "description": "Group membership modified", "extras": {"raw": "A member was added to a security-enabled global group.\r\n\r\nSubject:\r\n\tSecurity ID:\t\tS-1-5-21-2401135814-473904507-350754394-1001\r\n\tAccount Name:\t\tChase McCrary\r\n\tAccount Domain:\t\tChase\r\n\tLogon ID:\t\t0x41A0A\r\n\r\nMember:\r\n\tSecurity ID:\t\tS-1-5-21-2401135814-473904507-350754394-1012\r\n\tAccount Name:\t\t-\r\n\r\nGroup:\r\n\tSecurity ID:\t\tS-1-5-21-2401135814-473904507-350754394-513\r\n\tGroup Name:\t\tNone\r\n\tGroup Domain"}}
{"ts": "2025-10-23 09:33:18", "event_id": 4728, "category": "Account Change", "description": "Group membership modified", "extras": {"raw": "A member was added to a security-enabled global group.\r\n\r\nSubject:\r\n\tSecurity ID:\t\tS-1-5-21-2401135814-473904507-350754394-1001\r\n\tAccount Name:\t\tChase McCrary\r\n\tAccount Domain:\t\tChase\r\n\tLogon ID:\t\t0x41A0A\r\n\r\nMember:\r\n\tSecurity ID:\t\tS-1-5-21-2401135814-473904507-350754394-1012\r\n\tAccount Name:\t\t-\r\n\r\nGroup:\r\n\tSecurity ID:\t\tS-1-5-21-2401135814-473904507-350754394-513\r\n\tGroup Name:\t\tNone\r\n\tGroup Domain"}}
{"ts": "2025-10-23 09:33:57", "event_id": 4726, "category": "Account Change", "description": "User account deleted", "extras": {"raw": "A user account was deleted.\r\n\r\nSubject:\r\n\tSecurity ID:\t\tS-1-5-21-2401135814-473904507-350754394-1001\r\n\tAccount Name:\t\tChase McCrary\r\n\tAccount Domain:\t\tChase\r\n\tLogon ID:\t\t0x41A0A\r\n\r\nTarget Account:\r\n\tSecurity ID:\t\tS-1-5-21-2401135814-473904507-350754394-1012\r\n\tAccount Name:\t\tTestDetect123\r\n\tAccount Domain:\t\tChase\r\n\r\nAdditional Information:\r\n\tPrivileges\t-"}}
{"ts": "2025-10-23 09:33:57", "event_id": 4726, "category": "Account Change", "description": "User account deleted", "extras": {"raw": "A user account was deleted.\r\n\r\nSubject:\r\n\tSecurity ID:\t\tS-1-5-21-2401135814-473904507-350754394-1001\r\n\tAccount Name:\t\tChase McCrary\r\n\tAccount Domain:\t\tChase\r\n\tLogon ID:\t\t0x41A0A\r\n\r\nTarget Account:\r\n\tSecurity ID:\t\tS-1-5-21-2401135814-473904507-350754394-1012\r\n\tAccount Name:\t\tTestDetect123\r\n\tAccount Domain:\t\tChase\r\n\r\nAdditional Information:\r\n\tPrivileges\t-"}}
{"ts": "2025-10-23 09:42:31", "event_id": 4720, "category": "Account Change", "description": "User account created", "extras": {"raw": "A user account was created.\r\n\r\nSubject:\r\n\tSecurity ID:\t\tS-1-5-21-2401135814-473904507-350754394-1001\r\n\tAccount Name:\t\tChase McCrary\r\n\tAccount Domain:\t\tChase\r\n\tLogon ID:\t\t0x41A0A\r\n\r\nNew Account:\r\n\tSecurity ID:\t\tS-1-5-21-2401135814-473904507-350754394-1013\r\n\tAccount Name:\t\tTestDetect123\r\n\tAccount Domain:\t\tChase\r\n\r\nAttributes:\r\n\tSAM Account Name:\tTestDetect123\r\n\tDisplay Name:\t\t<value not set>\r\n\tUser "}}
{"ts": "2025-10-23 09:42:32", "event_id": 4728, "category": "Account Change", "description": "User added to security group", "extras": {"raw": "A member was added to a security-enabled global group.\r\n\r\nSubject:\r\n\tSecurity ID:\t\tS-1-5-21-2401135814-473904507-350754394-1001\r\n\tAccount Name:\t\tChase McCrary\r\n\tAccount Domain:\t\tChase\r\n\tLogon ID:\t\t0x41A0A\r\n\r\nMember:\r\n\tSecurity ID:\t\tS-1-5-21-2401135814-473904507-350754394-1013\r\n\tAccount Name:\t\t-\r\n\r\nGroup:\r\n\tSecurity ID:\t\tS-1-5-21-2401135814-473904507-350754394-513\r\n\tGroup Name:\t\tNone\r\n\tGroup Domain"}}
{"ts": "2025-10-23 09:42:42", "event_id": 4726, "category": "Account Change", "description": "User account deleted", "extras": {"raw": "A user account was deleted.\r\n\r\nSubject:\r\n\tSecurity ID:\t\tS-1-5-21-2401135814-473904507-350754394-1001\r\n\tAccount Name:\t\tChase McCrary\r\n\tAccount Domain:\t\tChase\r\n\tLogon ID:\t\t0x41A0A\r\n\r\nTarget Account:\r\n\tSecurity ID:\t\tS-1-5-21-2401135814-473904507-350754394-1013\r\n\tAccount Name:\t\tTestDetect123\r\n\tAccount Domain:\t\tChase\r\n\r\nAdditional Information:\r\n\tPrivileges\t-"}}
{"ts": "2025-10-23 09:51:17", "event_id": 4672, "category": "Privilege Escalation", "description": "Special privileges assigned to: S-1-5-90-0-2", "extras": {"sid": "S-1-5-90-0-2", "account": "DWM-2", "domain": "Window Manager"}}
{"ts": "2025-10-23 09:51:21", "event_id": 4672, "category": "Privilege Escalation", "description": "Special privileges assigned to: S-1-5-90-0-2", "extras": {"sid": "S-1-5-90-0-2", "account": "DWM-2", "domain": "Window Manager"}}
{"ts": "2025-10-23 09:51:34", "event_id": 4672, "category": "Privilege Escalation", "description": "Special privileges assigned to: S-1-5-21-2401135814-473904507-350754394-1001", "extras": {"sid": "S-1-5-21-2401135814-473904507-350754394-1001", "account": "Chase McCrary", "domain": "Chase"}}
{"ts": "2025-10-23 09:51:36", "event_id": 4672, "category": "Privilege Escalation", "description": "Special privileges assigned to: S-1-5-21-2401135814-473904507-350754394-1001", "extras": {"sid": "S-1-5-21-2401135814-473904507-350754394-1001", "account": "Chase McCrary", "domain": "Chase"}}
{"ts": "2025-10-23 09:53:23", "event_id": 4672, "category": "Privilege Escalation", "description": "Special privileges assigned to: S-1-5-90-0-3", "extras": {"sid": "S-1-5-90-0-3", "account": "DWM-3", "domain": "Window Manager"}}
{"ts": "2025-10-23 09:53:24", "event_id": 4672, "category": "Privilege Escalation", "description": "Special privileges assigned to: S-1-5-90-0-3", "extras": {"sid": "S-1-5-90-0-3", "account": "DWM-3", "domain": "Window Manager"}}
{"ts": "2025-10-23 09:53:44", "event_id": 4672, "category": "Privilege Escalation", "description": "Special privileges assigned to: S-1-5-21-2401135814-473904507-350754394-1001", "extras": {"sid": "S-1-5-21-2401135814-473904507-350754394-1001", "account": "Chase McCrary", "domain": "Chase"}}
{"ts": "2025-10-23 09:53:45", "event_id": 4672, "category": "Privilege Escalation", "description": "Special privileges assigned to: S-1-5-21-2401135814-473904507-350754394-1001", "extras": {"sid": "S-1-5-21-2401135814-473904507-350754394-1001", "account": "Chase McCrary", "domain": "Chase"}}
{"ts": "2025-10-23 09:53:55", "event_id": 4672, "category": "Privilege Escalation", "description": "Special privileges assigned to: S-1-5-90-0-4", "extras": {"sid": "S-1-5-90-0-4", "account": "DWM-4", "domain": "Window Manager"}}
{"ts": "2025-10-23 09:53:55", "event_id": 4672, "category": "Privilege Escalation", "description": "Special privileges assigned to: S-1-5-90-0-4", "extras": {"sid": "S-1-5-90-0-4", "account": "DWM-4", "domain": "Window Manager"}}
{"ts": "2025-10-23 09:53:58", "event_id": 4625, "category": "Failed Logins", "description": ">5 failures in 5 minutes (count=6)", "extras": {"window_minutes": 5, "count": 6, "stage": 6}}
{"ts": "2025-10-23 09:53:59", "event_id": 4625, "category": "Failed Logins", "description": ">5 failures in 5 minutes (count=6)", "extras": {"window_minutes": 5, "count": 6, "stage": 6}}
{"ts": "2025-10-23 09:59:17", "event_id": 4672, "category": "Privilege Escalation", "description": "Special privileges assigned to: S-1-5-21-2401135814-473904507-350754394-1001", "extras": {"sid": "S-1-5-21-2401135814-473904507-350754394-1001", "account": "Chase McCrary", "domain": "Chase"}}
{"ts": "2025-10-23 09:59:17", "event_id": 4672, "category": "Privilege Escalation", "description": "Special privileges assigned to: S-1-5-21-2401135814-473904507-350754394-1001", "extras": {"sid": "S-1-5-21-2401135814-473904507-350754394-1001", "account": "Chase McCrary", "domain": "Chase"}}
{"ts": "2025-10-23 10:10:49", "event_id": 4672, "category": "Privilege Escalation", "description": "Special privileges assigned to: S-1-5-21-2401135814-473904507-350754394-1001", "extras": {"sid": "S-1-5-21-2401135814-473904507-350754394-1001", "account": "Chase McCrary", "domain": "Chase"}}
{"ts": "2025-10-23 10:10:51", "event_id": 4672, "category": "Privilege Escalation", "description": "Special privileges assigned to: S-1-5-21-2401135814-473904507-350754394-1001", "extras": {"sid": "S-1-5-21-2401135814-473904507-350754394-1001", "account": "Chase McCrary", "domain": "Chase"}}
{"ts": "2025-10-23 10:11:05", "event_id": 4625, "category": "Failed Logins", "description": ">5 failures in 5 minutes (count=8)", "extras": {"window_minutes": 5, "count": 8, "stage": 6}}
{"ts": "2025-10-23 10:11:06", "event_id": 4625, "category": "Failed Logins", "description": ">5 failures in 5 minutes (count=8)", "extras": {"window_minutes": 5, "count": 8, "stage": 6}}
{"ts": "2025-10-23 10:34:50", "event_id": 4672, "category": "Privilege Escalation", "description": "Special privileges assigned to: S-1-5-21-2401135814-473904507-350754394-1001", "extras": {"sid": "S-1-5-21-2401135814-473904507-350754394-1001", "account": "Chase McCrary", "domain": "Chase"}}
{"ts": "2025-10-23 11:15:05", "event_id": 4672, "category": "Privilege Escalation", "description": "Special privileges assigned to: S-1-5-21-2401135814-473904507-350754394-1001", "extras": {"sid": "S-1-5-21-2401135814-473904507-350754394-1001", "account": "Chase McCrary", "domain": "Chase"}}
{"ts": "2025-10-23 11:23:04", "event_id": 4720, "category": "Account Change", "description": "User account created", "extras": {"raw": "A user account was created.\r\n\r\nSubject:\r\n\tSecurity ID:\t\tS-1-5-21-2401135814-473904507-350754394-1001\r\n\tAccount Name:\t\tChase McCrary\r\n\tAccount Domain:\t\tChase\r\n\tLogon ID:\t\t0x41A0A\r\n\r\nNew Account:\r\n\tSecurity ID:\t\tS-1-5-21-2401135814-473904507-350754394-1015\r\n\tAccount Name:\t\tTestDetect123\r\n\tAccount Domain:\t\tChase\r\n\r\nAttributes:\r\n\tSAM Account Name:\tTestDetect123\r\n\tDisplay Name:\t\t<value not set>\r\n\tUser "}}
{"ts": "2025-10-23 11:23:05", "event_id": 4728, "category": "Account Change", "description": "User added to security group", "extras": {"raw": "A member was added to a security-enabled global group.\r\n\r\nSubject:\r\n\tSecurity ID:\t\tS-1-5-21-2401135814-473904507-350754394-1001\r\n\tAccount Name:\t\tChase McCrary\r\n\tAccount Domain:\t\tChase\r\n\tLogon ID:\t\t0x41A0A\r\n\r\nMember:\r\n\tSecurity ID:\t\tS-1-5-21-2401135814-473904507-350754394-1015\r\n\tAccount Name:\t\t-\r\n\r\nGroup:\r\n\tSecurity ID:\t\tS-1-5-21-2401135814-473904507-350754394-513\r\n\tGroup Name:\t\tNone\r\n\tGroup Domain"}}
{"ts": "2025-10-23 11:23:10", "event_id": 4726, "category": "Account Change", "description": "User account deleted", "extras": {"raw": "A user account was deleted.\r\n\r\nSubject:\r\n\tSecurity ID:\t\tS-1-5-21-2401135814-473904507-350754394-1001\r\n\tAccount Name:\t\tChase McCrary\r\n\tAccount Domain:\t\tChase\r\n\tLogon ID:\t\t0x41A0A\r\n\r\nTarget Account:\r\n\tSecurity ID:\t\tS-1-5-21-2401135814-473904507-350754394-1015\r\n\tAccount Name:\t\tTestDetect123\r\n\tAccount Domain:\t\tChase\r\n\r\nAdditional Information:\r\n\tPrivileges\t-"}}
{"ts": "2025-10-23 11:50:14", "event_id": 4663, "category": "Mass File Activity", "description": ">100 file access events in 60s (count=400)", "extras": {"count": 400}}
{"ts": "2025-10-23 11:51:18", "event_id": 4663, "category": "Mass File Activity", "description": ">100 file access events in 60s (count=4400)", "extras": {"count": 4400}}
{"ts": "2025-10-23 11:52:20", "event_id": 4663, "category": "Mass File Activity", "description": ">100 file access events in 60s (count=4000)", "extras": {"count": 4000}}
{"ts": "2025-10-23 11:53:24", "event_id": 4663, "category": "Mass File Activity", "description": ">100 file access events in 60s (count=1917)", "extras": {"count": 1917}}
{"ts": "2025-10-23 11:54:25", "event_id": 4663, "category": "Mass File Activity", "description": ">100 file access events in 60s (count=4836)", "extras": {"count": 4836}}
{"ts": "2025-10-23 11:55:26", "event_id": 4663, "category": "Mass File Activity", "description": ">100 file access events in 60s (count=2821)", "extras": {"count": 2821}}
{"ts": "2025-10-23 12:00:27", "event_id": 4663, "category": "Mass File Activity", "description": ">100 file access events in 60s (count=608)", "extras": {"count": 608}}
{"ts": "2025-10-23 12:02:13", "event_id": 4663, "category": "Mass File Activity", "description": ">100 file access events in 60s (count=1800)", "extras": {"count": 1800}}
{"ts": "2025-10-23 12:03:14", "event_id": 4663, "category": "Mass File Activity", "description": ">100 file access events in 60s (count=9600)", "extras": {"count": 9600}}
{"ts": "2025-10-23 12:04:15", "event_id": 4663, "category": "Mass File Activity", "description": ">100 file access events in 60s (count=6000)", "extras": {"count": 6000}}
{"ts": "2025-10-23 12:05:17", "event_id": 4663, "category": "Mass File Activity", "description": ">100 file access events in 60s (count=3642)", "extras": {"count": 3642}}
{"ts": "2025-10-23 12:06:19", "event_id": 4663, "category": "Mass File Activity", "description": ">100 file access events in 60s (count=5463)", "extras": {"count": 5463}}
{"ts": "2025-10-23 12:07:21", "event_id": 4663, "category": "Mass File Activity", "description": ">100 file access events in 60s (count=1821)", "extras": {"count": 1821}}
{"ts": "2025-10-23 12:27:53", "event_id": 4672, "category": "Privilege Escalation", "description": "Special privileges assigned to: S-1-5-21-2401135814-473904507-350754394-1001", "extras": {"sid": "S-1-5-21-2401135814-473904507-350754394-1001", "account": "Chase McCrary", "domain": "Chase"}}
{"ts": "2025-10-23 12:29:57", "event_id": 4625, "category": "Failed Logins", "description": ">5 failures in 5 minutes (count=6)", "extras": {"window_minutes": 5, "count": 6, "stage": 6}}
{"ts": "2025-10-23 12:32:19", "event_id": 4672, "category": "Privilege Escalation", "description": "Special privileges assigned to: S-1-5-21-2401135814-473904507-350754394-1001", "extras": {"sid": "S-1-5-21-2401135814-473904507-350754394-1001", "account": "Chase McCrary", "domain": "Chase"}}
{"ts": "2025-10-23 12:32:54", "event_id": 4625, "category": "Failed Logins", "description": ">5 failures in 5 minutes (count=6)", "extras": {"window_minutes": 5, "count": 6, "stage": 6}}
{"ts": "2025-10-23 12:33:50", "event_id": 4625, "category": "Failed Logins", "description": ">5 failures in 5 minutes (count=6)", "extras": {"window_minutes": 5, "count": 6, "stage": 6}}
{"ts": "2025-10-23 12:34:14", "event_id": 4625, "category": "Failed Logins", "description": ">=10 failures in 5 minutes (count=10)", "extras": {"window_minutes": 5, "count": 10, "stage": 10}}
{"ts": "2025-10-23 12:39:40", "event_id": 4672, "category": "Privilege Escalation", "description": "Special privileges assigned to: S-1-5-21-2401135814-473904507-350754394-1001", "extras": {"sid": "S-1-5-21-2401135814-473904507-350754394-1001", "account": "Chase McCrary", "domain": "Chase"}}
{"ts": "2025-10-23 12:39:40", "event_id": 4672, "category": "Privilege Escalation", "description": "Special privileges assigned to: S-1-5-90-0-6", "extras": {"sid": "S-1-5-90-0-6", "account": "DWM-6", "domain": "Window Manager"}}
{"ts": "2025-10-23 12:39:40", "event_id": 4672, "category": "Privilege Escalation", "description": "Special privileges assigned to: S-1-5-90-0-5", "extras": {"sid": "S-1-5-90-0-5", "account": "DWM-5", "domain": "Window Manager"}}
{"ts": "2025-10-23 12:40:08", "event_id": 4625, "category": "Failed Logins", "description": ">=10 failures in 5 minutes (count=12)", "extras": {"window_minutes": 5, "count": 12, "stage": 10}}
{"ts": "2025-10-23 12:46:19", "event_id": 4672, "category": "Privilege Escalation", "description": "Special privileges assigned to: S-1-5-21-2401135814-473904507-350754394-1001", "extras": {"sid": "S-1-5-21-2401135814-473904507-350754394-1001", "account": "Chase McCrary", "domain": "Chase"}}
{"ts": "2025-10-23 12:47:09", "event_id": 4625, "category": "Failed Logins", "description": ">5 failures in 5 minutes (count=6)", "extras": {"window_minutes": 5, "count": 6, "stage": 6}}
{"ts": "2025-10-23 12:47:30", "event_id": 4672, "category": "Privilege Escalation", "description": "Special privileges assigned to: S-1-5-21-2401135814-473904507-350754394-1001", "extras": {"sid": "S-1-5-21-2401135814-473904507-350754394-1001", "account": "Chase McCrary", "domain": "Chase"}}
{"ts": "2025-10-23 12:49:04", "event_id": 4672, "category": "Privilege Escalation", "description": "Special privileges assigned to: S-1-5-21-2401135814-473904507-350754394-1001", "extras": {"sid": "S-1-5-21-2401135814-473904507-350754394-1001", "account": "Chase McCrary", "domain": "Chase"}}
{"ts": "2025-10-23 12:53:21", "event_id": 4672, "category": "Privilege Escalation", "description": "Special privileges assigned to: S-1-5-21-2401135814-473904507-350754394-1001", "extras": {"sid": "S-1-5-21-2401135814-473904507-350754394-1001", "account": "Chase McCrary", "domain": "Chase"}}
{"ts": "2025-10-23 12:53:27", "event_id": 4625, "category": "Failed Logins", "description": ">5 failures in 5 minutes (count=8)", "extras": {"window_minutes": 5, "count": 8, "stage": 6}}
{"ts": "2025-10-23 12:53:48", "event_id": 4625, "category": "Failed Logins", "description": ">=10 failures in 5 minutes (count=11)", "extras": {"window_minutes": 5, "count": 11, "stage": 10}}
{"ts": "2025-10-23 12:54:38", "event_id": 4672, "category": "Privilege Escalation", "description": "Special privileges assigned to: S-1-5-21-2401135814-473904507-350754394-1001", "extras": {"sid": "S-1-5-21-2401135814-473904507-350754394-1001", "account": "Chase McCrary", "domain": "Chase"}}
{"ts": "2025-10-23 12:55:05", "event_id": 4625, "category": "Failed Logins", "description": ">=20 failures in 5 minutes (count=23)", "extras": {"window_minutes": 5, "count": 23, "stage": 20}}
{"ts": "2025-10-23 13:01:01", "event_id": 4720, "category": "Account Change", "description": "User account created", "extras": {"raw": "A user account was created.\r\n\r\nSubject:\r\n\tSecurity ID:\t\tS-1-5-21-2401135814-473904507-350754394-1001\r\n\tAccount Name:\t\tChase McCrary\r\n\tAccount Domain:\t\tChase\r\n\tLogon ID:\t\t0x1382F9\r\n\r\nNew Account:\r\n\tSecurity ID:\t\tS-1-5-21-2401135814-473904507-350754394-1016\r\n\tAccount Name:\t\tTestDetect123\r\n\tAccount Domain:\t\tChase\r\n\r\nAttributes:\r\n\tSAM Account Name:\tTestDetect123\r\n\tDisplay Name:\t\t<value not set>\r\n\tUser"}}
{"ts": "2025-10-23 13:01:03", "event_id": 4728, "category": "Account Change", "description": "User added to security group", "extras": {"raw": "A member was added to a security-enabled global group.\r\n\r\nSubject:\r\n\tSecurity ID:\t\tS-1-5-21-2401135814-473904507-350754394-1001\r\n\tAccount Name:\t\tChase McCrary\r\n\tAccount Domain:\t\tChase\r\n\tLogon ID:\t\t0x1382F9\r\n\r\nMember:\r\n\tSecurity ID:\t\tS-1-5-21-2401135814-473904507-350754394-1016\r\n\tAccount Name:\t\t-\r\n\r\nGroup:\r\n\tSecurity ID:\t\tS-1-5-21-2401135814-473904507-350754394-513\r\n\tGroup Name:\t\tNone\r\n\tGroup Domai"}}
